{"C:\\Users\\Kuba\\Desktop\\Front\\Repo\\talent-orbit\\src\\constants\\constants.ts": {"path":"C:\\Users\\Kuba\\Desktop\\Front\\Repo\\talent-orbit\\src\\constants\\constants.ts","statementMap":{"0":{"start":{"line":1,"column":26},"end":{"line":1,"column":null}},"1":{"start":{"line":2,"column":27},"end":{"line":2,"column":null}},"2":{"start":{"line":4,"column":30},"end":{"line":4,"column":null}},"3":{"start":{"line":6,"column":34},"end":{"line":6,"column":null}},"4":{"start":{"line":7,"column":29},"end":{"line":7,"column":null}},"5":{"start":{"line":8,"column":43},"end":{"line":8,"column":null}},"6":{"start":{"line":9,"column":29},"end":{"line":9,"column":null}},"7":{"start":{"line":10,"column":43},"end":{"line":10,"column":null}}},"fnMap":{},"branchMap":{},"s":{"0":1,"1":1,"2":1,"3":1,"4":1,"5":1,"6":1,"7":1},"f":{},"b":{},"meta":{"lastBranch":0,"lastFunction":0,"lastStatement":8,"seen":{"s:1:26:1:Infinity":0,"s:2:27:2:Infinity":1,"s:4:30:4:Infinity":2,"s:6:34:6:Infinity":3,"s:7:29:7:Infinity":4,"s:8:43:8:Infinity":5,"s:9:29:9:Infinity":6,"s:10:43:10:Infinity":7},"fnNames":{}}}
,"C:\\Users\\Kuba\\Desktop\\Front\\Repo\\talent-orbit\\src\\features\\cookies\\core\\get-stored-consent.ts": {"path":"C:\\Users\\Kuba\\Desktop\\Front\\Repo\\talent-orbit\\src\\features\\cookies\\core\\get-stored-consent.ts","statementMap":{"0":{"start":{"line":3,"column":13},"end":{"line":9,"column":null}},"1":{"start":{"line":4,"column":2},"end":{"line":8,"column":null}},"2":{"start":{"line":5,"column":4},"end":{"line":5,"column":null}},"3":{"start":{"line":7,"column":4},"end":{"line":7,"column":null}}},"fnMap":{"0":{"name":"(anonymous_0)","decl":{"start":{"line":3,"column":13},"end":{"line":3,"column":38}},"loc":{"start":{"line":3,"column":38},"end":{"line":9,"column":null}},"line":3}},"branchMap":{},"s":{"0":1,"1":3,"2":3,"3":1},"f":{"0":3},"b":{},"meta":{"lastBranch":0,"lastFunction":1,"lastStatement":4,"seen":{"s:3:13:9:Infinity":0,"f:3:13:3:38":0,"s:4:2:8:Infinity":1,"s:5:4:5:Infinity":2,"s:7:4:7:Infinity":3},"fnNames":{}}}
}
