{"C:\\Users\\Kuba\\Desktop\\Front\\Repo\\talent-orbit\\src\\constants\\constants.ts": {"path":"C:\\Users\\Kuba\\Desktop\\Front\\Repo\\talent-orbit\\src\\constants\\constants.ts","statementMap":{"0":{"start":{"line":1,"column":26},"end":{"line":1,"column":null}},"1":{"start":{"line":2,"column":27},"end":{"line":2,"column":null}},"2":{"start":{"line":4,"column":30},"end":{"line":4,"column":null}},"3":{"start":{"line":6,"column":34},"end":{"line":6,"column":null}},"4":{"start":{"line":7,"column":29},"end":{"line":7,"column":null}},"5":{"start":{"line":8,"column":43},"end":{"line":8,"column":null}},"6":{"start":{"line":9,"column":29},"end":{"line":9,"column":null}},"7":{"start":{"line":10,"column":43},"end":{"line":10,"column":null}}},"fnMap":{},"branchMap":{},"s":{"0":1,"1":1,"2":1,"3":1,"4":1,"5":1,"6":1,"7":1},"f":{},"b":{},"meta":{"lastBranch":0,"lastFunction":0,"lastStatement":8,"seen":{"s:1:26:1:Infinity":0,"s:2:27:2:Infinity":1,"s:4:30:4:Infinity":2,"s:6:34:6:Infinity":3,"s:7:29:7:Infinity":4,"s:8:43:8:Infinity":5,"s:9:29:9:Infinity":6,"s:10:43:10:Infinity":7},"fnNames":{}}}
,"C:\\Users\\Kuba\\Desktop\\Front\\Repo\\talent-orbit\\src\\features\\cookies\\core\\get-stored-consent.ts": {"path":"C:\\Users\\Kuba\\Desktop\\Front\\Repo\\talent-orbit\\src\\features\\cookies\\core\\get-stored-consent.ts","statementMap":{"0":{"start":{"line":3,"column":13},"end":{"line":9,"column":null}},"1":{"start":{"line":4,"column":2},"end":{"line":8,"column":null}},"2":{"start":{"line":5,"column":4},"end":{"line":5,"column":null}},"3":{"start":{"line":7,"column":4},"end":{"line":7,"column":null}}},"fnMap":{"0":{"name":"(anonymous_0)","decl":{"start":{"line":3,"column":13},"end":{"line":3,"column":38}},"loc":{"start":{"line":3,"column":38},"end":{"line":9,"column":null}},"line":3}},"branchMap":{},"s":{"0":1,"1":5,"2":5,"3":0},"f":{"0":5},"b":{},"meta":{"lastBranch":0,"lastFunction":1,"lastStatement":4,"seen":{"s:3:13:9:Infinity":0,"f:3:13:3:38":0,"s:4:2:8:Infinity":1,"s:5:4:5:Infinity":2,"s:7:4:7:Infinity":3},"fnNames":{}}}
,"C:\\Users\\Kuba\\Desktop\\Front\\Repo\\talent-orbit\\src\\features\\cookies\\presentation\\cookies-container.tsx": {"path":"C:\\Users\\Kuba\\Desktop\\Front\\Repo\\talent-orbit\\src\\features\\cookies\\presentation\\cookies-container.tsx","statementMap":{"0":{"start":{"line":16,"column":13},"end":{"line":71,"column":null}},"1":{"start":{"line":17,"column":32},"end":{"line":17,"column":null}},"2":{"start":{"line":17,"column":47},"end":{"line":17,"column":65}},"3":{"start":{"line":19,"column":8},"end":{"line":27,"column":null}},"4":{"start":{"line":20,"column":4},"end":{"line":24,"column":null}},"5":{"start":{"line":21,"column":6},"end":{"line":21,"column":null}},"6":{"start":{"line":26,"column":4},"end":{"line":26,"column":null}},"7":{"start":{"line":29,"column":2},"end":{"line":31,"column":null}},"8":{"start":{"line":30,"column":4},"end":{"line":30,"column":null}},"9":{"start":{"line":33,"column":2},"end":{"line":69,"column":null}},"10":{"start":{"line":46,"column":25},"end":{"line":46,"column":null}},"11":{"start":{"line":52,"column":25},"end":{"line":52,"column":null}}},"fnMap":{"0":{"name":"(anonymous_0)","decl":{"start":{"line":16,"column":13},"end":{"line":16,"column":38}},"loc":{"start":{"line":16,"column":38},"end":{"line":71,"column":null}},"line":16},"1":{"name":"(anonymous_1)","decl":{"start":{"line":17,"column":32},"end":{"line":17,"column":47}},"loc":{"start":{"line":17,"column":47},"end":{"line":17,"column":65}},"line":17},"2":{"name":"(anonymous_2)","decl":{"start":{"line":19,"column":8},"end":{"line":19,"column":26}},"loc":{"start":{"line":19,"column":45},"end":{"line":27,"column":null}},"line":19},"3":{"name":"(anonymous_3)","decl":{"start":{"line":46,"column":10},"end":{"line":46,"column":25}},"loc":{"start":{"line":46,"column":25},"end":{"line":46,"column":null}},"line":46},"4":{"name":"(anonymous_4)","decl":{"start":{"line":52,"column":10},"end":{"line":52,"column":25}},"loc":{"start":{"line":52,"column":25},"end":{"line":52,"column":null}},"line":52}},"branchMap":{"0":{"loc":{"start":{"line":29,"column":2},"end":{"line":31,"column":null}},"type":"if","locations":[{"start":{"line":29,"column":2},"end":{"line":31,"column":null}},{"start":{},"end":{}}],"line":29}},"s":{"0":1,"1":7,"2":5,"3":7,"4":2,"5":2,"6":2,"7":7,"8":4,"9":3,"10":1,"11":1},"f":{"0":7,"1":5,"2":2,"3":1,"4":1},"b":{"0":[4,3]},"meta":{"lastBranch":1,"lastFunction":5,"lastStatement":12,"seen":{"s:16:13:71:Infinity":0,"f:16:13:16:38":0,"s:17:32:17:Infinity":1,"f:17:32:17:47":1,"s:17:47:17:65":2,"s:19:8:27:Infinity":3,"f:19:8:19:26":2,"s:20:4:24:Infinity":4,"s:21:6:21:Infinity":5,"s:26:4:26:Infinity":6,"b:29:2:31:Infinity:undefined:undefined:undefined:undefined":0,"s:29:2:31:Infinity":7,"s:30:4:30:Infinity":8,"s:33:2:69:Infinity":9,"f:46:10:46:25":3,"s:46:25:46:Infinity":10,"f:52:10:52:25":4,"s:52:25:52:Infinity":11},"fnNames":{}}}
}
